<?xml version="1.0" encoding="UTF-8"?>
<!-- Generated by org.testng.reporters.JUnitReportReporter -->
<testsuite skipped="0" hostname="shreeeeee-PC" name="flipkart.Flipkart" tests="2" failures="0" timestamp="11 Aug 2018 09:51:16 GMT" time="19.627" errors="0">
  <testcase name="handelLink" time="19.435" classname="flipkart.Flipkart"/>
  <testcase name="handelTextBox" time="0.192" classname="flipkart.Flipkart"/>
</testsuite> <!-- flipkart.Flipkart -->
