<?xml version="1.0" encoding="UTF-8"?>
<!-- Generated by org.testng.reporters.JUnitReportReporter -->
<testsuite skipped="0" hostname="shreeeeee-PC" name="twitter.Twitter" tests="2" failures="0" timestamp="11 Aug 2018 09:27:49 GMT" time="2.307" errors="0">
  <testcase name="handelLink" time="2.208" classname="twitter.Twitter"/>
  <testcase name="handelTextBox" time="0.099" classname="twitter.Twitter"/>
</testsuite> <!-- twitter.Twitter -->
