<?xml version="1.0" encoding="UTF-8"?>
<!-- Generated by org.testng.reporters.JUnitReportReporter -->
<testsuite skipped="0" hostname="shreeeeee-PC" name="facebook.Facebook" tests="2" failures="0" timestamp="11 Aug 2018 09:24:37 GMT" time="3.310" errors="0">
  <testcase name="handelLink" time="3.097" classname="facebook.Facebook"/>
  <testcase name="handelTextBox" time="0.213" classname="facebook.Facebook"/>
</testsuite> <!-- facebook.Facebook -->
