<?xml version="1.0" encoding="UTF-8"?>
<!-- Generated by org.testng.reporters.JUnitReportReporter -->
<testsuite skipped="0" hostname="shreeeeee-PC" name="bookmyshow.BookMyShow" tests="7" failures="0" timestamp="22 Aug 2018 15:32:16 GMT" time="81.683" errors="0">
  <testcase name="handelTextBox" time="20.792" classname="bookmyshow.BookMyShow"/>
  <testcase name="handelLink" time="30.297" classname="bookmyshow.BookMyShow"/>
  <testcase name="handelText" time="10.102" classname="bookmyshow.BookMyShow"/>
  <testcase name="handelButton" time="11.332" classname="bookmyshow.BookMyShow"/>
  <testcase name="handleMouseHover" time="3.290" classname="bookmyshow.BookMyShow"/>
  <testcase name="handleAutoComplete" time="5.783" classname="bookmyshow.BookMyShow"/>
  <testcase name="handleImage" time="0.087" classname="bookmyshow.BookMyShow"/>
</testsuite> <!-- bookmyshow.BookMyShow -->
