<?xml version="1.0" encoding="UTF-8"?>
<!-- Generated by org.testng.reporters.JUnitReportReporter -->
<testsuite skipped="0" hostname="shreeeeee-PC" name="amazon.Amazon" tests="2" failures="0" timestamp="11 Aug 2018 09:43:42 GMT" time="6.164" errors="0">
  <testcase name="handelLink" time="5.854" classname="amazon.Amazon"/>
  <testcase name="handelTextBox" time="0.310" classname="amazon.Amazon"/>
</testsuite> <!-- amazon.Amazon -->
