<?xml version="1.0" encoding="UTF-8"?>
<!-- Generated by org.testng.reporters.JUnitReportReporter -->
<testsuite skipped="0" hostname="shreeeeee-PC" name="instagram.Instagram" tests="2" failures="0" timestamp="11 Aug 2018 10:06:56 GMT" time="3.635" errors="0">
  <testcase name="handelTextBox" time="3.211" classname="instagram.Instagram"/>
  <testcase name="handelLink" time="0.424" classname="instagram.Instagram"/>
</testsuite> <!-- instagram.Instagram -->
