<?xml version="1.0" encoding="UTF-8"?>
<!-- Generated by org.testng.reporters.JUnitReportReporter -->
<testsuite skipped="0" hostname="shreeeeee-PC" name="gmail.Gmail" tests="2" failures="0" timestamp="11 Aug 2018 09:19:56 GMT" time="13.025" errors="0">
  <testcase name="handelLink" time="12.715" classname="gmail.Gmail"/>
  <testcase name="handelTextBox" time="0.310" classname="gmail.Gmail"/>
</testsuite> <!-- gmail.Gmail -->
