<?xml version="1.0" encoding="UTF-8"?>
<!-- Generated by org.testng.reporters.JUnitReportReporter -->
<testsuite skipped="0" hostname="shreeeeee-PC" name="google.Google" tests="2" failures="0" timestamp="10 Aug 2018 16:52:03 GMT" time="17.374" errors="0">
  <testcase name="handelLink" time="17.288" classname="google.Google"/>
  <testcase name="handelTextBox" time="0.086" classname="google.Google"/>
</testsuite> <!-- google.Google -->
